{"/Users/matt/Desktop/PROYECTO FINAL PRUEBAS/Pruebas_Software/backend_v2.2/server.js": {"path":"/Users/matt/Desktop/PROYECTO FINAL PRUEBAS/Pruebas_Software/backend_v2.2/server.js","statementMap":{"0":{"start":{"line":1,"column":0},"end":{"line":1,"column":27}},"1":{"start":{"line":2,"column":16},"end":{"line":2,"column":34}},"2":{"start":{"line":3,"column":13},"end":{"line":3,"column":28}},"3":{"start":{"line":4,"column":17},"end":{"line":4,"column":36}},"4":{"start":{"line":5,"column":15},"end":{"line":5,"column":32}},"5":{"start":{"line":6,"column":18},"end":{"line":6,"column":47}},"6":{"start":{"line":7,"column":12},"end":{"line":7,"column":32}},"7":{"start":{"line":8,"column":22},"end":{"line":8,"column":55}},"8":{"start":{"line":9,"column":12},"end":{"line":9,"column":21}},"9":{"start":{"line":12,"column":0},"end":{"line":12,"column":18}},"10":{"start":{"line":15,"column":0},"end":{"line":15,"column":25}},"11":{"start":{"line":18,"column":0},"end":{"line":18,"column":15}},"12":{"start":{"line":21,"column":0},"end":{"line":25,"column":4}},"13":{"start":{"line":28,"column":20},"end":{"line":32,"column":2}},"14":{"start":{"line":34,"column":0},"end":{"line":34,"column":41}},"15":{"start":{"line":35,"column":0},"end":{"line":35,"column":44}},"16":{"start":{"line":38,"column":0},"end":{"line":38,"column":70}},"17":{"start":{"line":39,"column":0},"end":{"line":39,"column":24}},"18":{"start":{"line":42,"column":19},"end":{"line":42,"column":50}},"19":{"start":{"line":43,"column":20},"end":{"line":43,"column":51}},"20":{"start":{"line":44,"column":20},"end":{"line":44,"column":51}},"21":{"start":{"line":45,"column":22},"end":{"line":45,"column":55}},"22":{"start":{"line":46,"column":21},"end":{"line":46,"column":54}},"23":{"start":{"line":49,"column":0},"end":{"line":49,"column":34}},"24":{"start":{"line":50,"column":0},"end":{"line":50,"column":35}},"25":{"start":{"line":51,"column":0},"end":{"line":51,"column":36}},"26":{"start":{"line":52,"column":0},"end":{"line":52,"column":40}},"27":{"start":{"line":53,"column":0},"end":{"line":53,"column":38}},"28":{"start":{"line":56,"column":0},"end":{"line":59,"column":56}},"29":{"start":{"line":58,"column":14},"end":{"line":58,"column":48}},"30":{"start":{"line":59,"column":16},"end":{"line":59,"column":54}},"31":{"start":{"line":62,"column":0},"end":{"line":65,"column":1}},"32":{"start":{"line":63,"column":15},"end":{"line":63,"column":39}},"33":{"start":{"line":64,"column":2},"end":{"line":64,"column":77}},"34":{"start":{"line":64,"column":25},"end":{"line":64,"column":75}},"35":{"start":{"line":66,"column":0},"end":{"line":66,"column":21}}},"fnMap":{"0":{"name":"(anonymous_0)","decl":{"start":{"line":58,"column":8},"end":{"line":58,"column":9}},"loc":{"start":{"line":58,"column":14},"end":{"line":58,"column":48}},"line":58},"1":{"name":"(anonymous_1)","decl":{"start":{"line":59,"column":9},"end":{"line":59,"column":10}},"loc":{"start":{"line":59,"column":16},"end":{"line":59,"column":54}},"line":59},"2":{"name":"(anonymous_2)","decl":{"start":{"line":64,"column":19},"end":{"line":64,"column":20}},"loc":{"start":{"line":64,"column":25},"end":{"line":64,"column":75}},"line":64}},"branchMap":{"0":{"loc":{"start":{"line":62,"column":0},"end":{"line":65,"column":1}},"type":"if","locations":[{"start":{"line":62,"column":0},"end":{"line":65,"column":1}},{"start":{},"end":{}}],"line":62},"1":{"loc":{"start":{"line":63,"column":15},"end":{"line":63,"column":39}},"type":"binary-expr","locations":[{"start":{"line":63,"column":15},"end":{"line":63,"column":31}},{"start":{"line":63,"column":35},"end":{"line":63,"column":39}}],"line":63}},"s":{"0":5,"1":5,"2":5,"3":5,"4":5,"5":5,"6":5,"7":5,"8":5,"9":5,"10":5,"11":5,"12":5,"13":5,"14":5,"15":5,"16":5,"17":5,"18":5,"19":5,"20":5,"21":5,"22":5,"23":5,"24":5,"25":5,"26":5,"27":5,"28":5,"29":5,"30":0,"31":5,"32":0,"33":0,"34":0,"35":5},"f":{"0":5,"1":0,"2":0},"b":{"0":[0,5],"1":[0,0]},"_coverageSchema":"1a1c01bbd47fc00a2c39e90264f33305004495a9","hash":"6547c0ce309e621c162e763d8c2c5bae46ee4efe"}
,"/Users/matt/Desktop/PROYECTO FINAL PRUEBAS/Pruebas_Software/backend_v2.2/controllers/class_Controller.js": {"path":"/Users/matt/Desktop/PROYECTO FINAL PRUEBAS/Pruebas_Software/backend_v2.2/controllers/class_Controller.js","statementMap":{"0":{"start":{"line":1,"column":15},"end":{"line":1,"column":42}},"1":{"start":{"line":2,"column":13},"end":{"line":2,"column":38}},"2":{"start":{"line":5,"column":21},"end":{"line":22,"column":1}},"3":{"start":{"line":6,"column":0},"end":{"line":21,"column":1}},"4":{"start":{"line":7,"column":41},"end":{"line":7,"column":49}},"5":{"start":{"line":10,"column":13},"end":{"line":10,"column":41}},"6":{"start":{"line":11,"column":0},"end":{"line":13,"column":1}},"7":{"start":{"line":12,"column":2},"end":{"line":12,"column":82}},"8":{"start":{"line":15,"column":17},"end":{"line":15,"column":61}},"9":{"start":{"line":16,"column":0},"end":{"line":16,"column":22}},"10":{"start":{"line":18,"column":0},"end":{"line":18,"column":31}},"11":{"start":{"line":20,"column":0},"end":{"line":20,"column":78}},"12":{"start":{"line":25,"column":23},"end":{"line":45,"column":1}},"13":{"start":{"line":26,"column":0},"end":{"line":44,"column":1}},"14":{"start":{"line":27,"column":13},"end":{"line":27,"column":15}},"15":{"start":{"line":30,"column":0},"end":{"line":34,"column":1}},"16":{"start":{"line":31,"column":2},"end":{"line":31,"column":31}},"17":{"start":{"line":32,"column":7},"end":{"line":34,"column":1}},"18":{"start":{"line":33,"column":2},"end":{"line":33,"column":32}},"19":{"start":{"line":36,"column":16},"end":{"line":39,"column":32}},"20":{"start":{"line":41,"column":0},"end":{"line":41,"column":30}},"21":{"start":{"line":43,"column":0},"end":{"line":43,"column":80}},"22":{"start":{"line":48,"column":22},"end":{"line":62,"column":1}},"23":{"start":{"line":49,"column":0},"end":{"line":61,"column":1}},"24":{"start":{"line":50,"column":15},"end":{"line":53,"column":30}},"25":{"start":{"line":56,"column":0},"end":{"line":56,"column":73}},"26":{"start":{"line":56,"column":13},"end":{"line":56,"column":73}},"27":{"start":{"line":58,"column":0},"end":{"line":58,"column":29}},"28":{"start":{"line":60,"column":0},"end":{"line":60,"column":78}},"29":{"start":{"line":65,"column":21},"end":{"line":75,"column":1}},"30":{"start":{"line":66,"column":0},"end":{"line":74,"column":1}},"31":{"start":{"line":67,"column":16},"end":{"line":67,"column":86}},"32":{"start":{"line":68,"column":0},"end":{"line":68,"column":74}},"33":{"start":{"line":68,"column":14},"end":{"line":68,"column":74}},"34":{"start":{"line":71,"column":0},"end":{"line":71,"column":30}},"35":{"start":{"line":73,"column":0},"end":{"line":73,"column":78}},"36":{"start":{"line":78,"column":21},"end":{"line":87,"column":1}},"37":{"start":{"line":79,"column":0},"end":{"line":86,"column":1}},"38":{"start":{"line":80,"column":16},"end":{"line":80,"column":61}},"39":{"start":{"line":81,"column":0},"end":{"line":81,"column":74}},"40":{"start":{"line":81,"column":14},"end":{"line":81,"column":74}},"41":{"start":{"line":83,"column":0},"end":{"line":83,"column":64}},"42":{"start":{"line":85,"column":0},"end":{"line":85,"column":78}},"43":{"start":{"line":90,"column":22},"end":{"line":113,"column":1}},"44":{"start":{"line":91,"column":0},"end":{"line":112,"column":1}},"45":{"start":{"line":92,"column":22},"end":{"line":92,"column":30}},"46":{"start":{"line":93,"column":15},"end":{"line":93,"column":51}},"47":{"start":{"line":94,"column":0},"end":{"line":94,"column":73}},"48":{"start":{"line":94,"column":13},"end":{"line":94,"column":73}},"49":{"start":{"line":97,"column":16},"end":{"line":97,"column":46}},"50":{"start":{"line":98,"column":0},"end":{"line":100,"column":1}},"51":{"start":{"line":99,"column":2},"end":{"line":99,"column":82}},"52":{"start":{"line":102,"column":0},"end":{"line":104,"column":1}},"53":{"start":{"line":103,"column":2},"end":{"line":103,"column":80}},"54":{"start":{"line":106,"column":0},"end":{"line":106,"column":32}},"55":{"start":{"line":107,"column":0},"end":{"line":107,"column":20}},"56":{"start":{"line":109,"column":0},"end":{"line":109,"column":69}},"57":{"start":{"line":111,"column":0},"end":{"line":111,"column":81}},"58":{"start":{"line":116,"column":24},"end":{"line":135,"column":1}},"59":{"start":{"line":117,"column":0},"end":{"line":134,"column":1}},"60":{"start":{"line":118,"column":22},"end":{"line":118,"column":30}},"61":{"start":{"line":119,"column":15},"end":{"line":119,"column":51}},"62":{"start":{"line":120,"column":0},"end":{"line":120,"column":73}},"63":{"start":{"line":120,"column":13},"end":{"line":120,"column":73}},"64":{"start":{"line":123,"column":20},"end":{"line":123,"column":55}},"65":{"start":{"line":124,"column":0},"end":{"line":126,"column":1}},"66":{"start":{"line":125,"column":2},"end":{"line":125,"column":84}},"67":{"start":{"line":128,"column":0},"end":{"line":128,"column":76}},"68":{"start":{"line":128,"column":47},"end":{"line":128,"column":74}},"69":{"start":{"line":129,"column":0},"end":{"line":129,"column":20}},"70":{"start":{"line":131,"column":0},"end":{"line":131,"column":71}},"71":{"start":{"line":133,"column":0},"end":{"line":133,"column":83}},"72":{"start":{"line":137,"column":0},"end":{"line":145,"column":2}}},"fnMap":{"0":{"name":"(anonymous_0)","decl":{"start":{"line":5,"column":21},"end":{"line":5,"column":22}},"loc":{"start":{"line":5,"column":41},"end":{"line":22,"column":1}},"line":5},"1":{"name":"(anonymous_1)","decl":{"start":{"line":25,"column":23},"end":{"line":25,"column":24}},"loc":{"start":{"line":25,"column":43},"end":{"line":45,"column":1}},"line":25},"2":{"name":"(anonymous_2)","decl":{"start":{"line":48,"column":22},"end":{"line":48,"column":23}},"loc":{"start":{"line":48,"column":42},"end":{"line":62,"column":1}},"line":48},"3":{"name":"(anonymous_3)","decl":{"start":{"line":65,"column":21},"end":{"line":65,"column":22}},"loc":{"start":{"line":65,"column":41},"end":{"line":75,"column":1}},"line":65},"4":{"name":"(anonymous_4)","decl":{"start":{"line":78,"column":21},"end":{"line":78,"column":22}},"loc":{"start":{"line":78,"column":41},"end":{"line":87,"column":1}},"line":78},"5":{"name":"(anonymous_5)","decl":{"start":{"line":90,"column":22},"end":{"line":90,"column":23}},"loc":{"start":{"line":90,"column":42},"end":{"line":113,"column":1}},"line":90},"6":{"name":"(anonymous_6)","decl":{"start":{"line":116,"column":24},"end":{"line":116,"column":25}},"loc":{"start":{"line":116,"column":44},"end":{"line":135,"column":1}},"line":116},"7":{"name":"(anonymous_7)","decl":{"start":{"line":128,"column":41},"end":{"line":128,"column":42}},"loc":{"start":{"line":128,"column":47},"end":{"line":128,"column":74}},"line":128}},"branchMap":{"0":{"loc":{"start":{"line":11,"column":0},"end":{"line":13,"column":1}},"type":"if","locations":[{"start":{"line":11,"column":0},"end":{"line":13,"column":1}},{"start":{},"end":{}}],"line":11},"1":{"loc":{"start":{"line":11,"column":4},"end":{"line":11,"column":36}},"type":"binary-expr","locations":[{"start":{"line":11,"column":4},"end":{"line":11,"column":9}},{"start":{"line":11,"column":13},"end":{"line":11,"column":36}}],"line":11},"2":{"loc":{"start":{"line":30,"column":0},"end":{"line":34,"column":1}},"type":"if","locations":[{"start":{"line":30,"column":0},"end":{"line":34,"column":1}},{"start":{"line":32,"column":7},"end":{"line":34,"column":1}}],"line":30},"3":{"loc":{"start":{"line":32,"column":7},"end":{"line":34,"column":1}},"type":"if","locations":[{"start":{"line":32,"column":7},"end":{"line":34,"column":1}},{"start":{},"end":{}}],"line":32},"4":{"loc":{"start":{"line":56,"column":0},"end":{"line":56,"column":73}},"type":"if","locations":[{"start":{"line":56,"column":0},"end":{"line":56,"column":73}},{"start":{},"end":{}}],"line":56},"5":{"loc":{"start":{"line":68,"column":0},"end":{"line":68,"column":74}},"type":"if","locations":[{"start":{"line":68,"column":0},"end":{"line":68,"column":74}},{"start":{},"end":{}}],"line":68},"6":{"loc":{"start":{"line":81,"column":0},"end":{"line":81,"column":74}},"type":"if","locations":[{"start":{"line":81,"column":0},"end":{"line":81,"column":74}},{"start":{},"end":{}}],"line":81},"7":{"loc":{"start":{"line":94,"column":0},"end":{"line":94,"column":73}},"type":"if","locations":[{"start":{"line":94,"column":0},"end":{"line":94,"column":73}},{"start":{},"end":{}}],"line":94},"8":{"loc":{"start":{"line":98,"column":0},"end":{"line":100,"column":1}},"type":"if","locations":[{"start":{"line":98,"column":0},"end":{"line":100,"column":1}},{"start":{},"end":{}}],"line":98},"9":{"loc":{"start":{"line":98,"column":4},"end":{"line":98,"column":42}},"type":"binary-expr","locations":[{"start":{"line":98,"column":4},"end":{"line":98,"column":12}},{"start":{"line":98,"column":16},"end":{"line":98,"column":42}}],"line":98},"10":{"loc":{"start":{"line":102,"column":0},"end":{"line":104,"column":1}},"type":"if","locations":[{"start":{"line":102,"column":0},"end":{"line":104,"column":1}},{"start":{},"end":{}}],"line":102},"11":{"loc":{"start":{"line":120,"column":0},"end":{"line":120,"column":73}},"type":"if","locations":[{"start":{"line":120,"column":0},"end":{"line":120,"column":73}},{"start":{},"end":{}}],"line":120},"12":{"loc":{"start":{"line":124,"column":0},"end":{"line":126,"column":1}},"type":"if","locations":[{"start":{"line":124,"column":0},"end":{"line":126,"column":1}},{"start":{},"end":{}}],"line":124}},"s":{"0":5,"1":5,"2":5,"3":0,"4":0,"5":0,"6":0,"7":0,"8":0,"9":0,"10":0,"11":0,"12":5,"13":0,"14":0,"15":0,"16":0,"17":0,"18":0,"19":0,"20":0,"21":0,"22":5,"23":0,"24":0,"25":0,"26":0,"27":0,"28":0,"29":5,"30":0,"31":0,"32":0,"33":0,"34":0,"35":0,"36":5,"37":0,"38":0,"39":0,"40":0,"41":0,"42":0,"43":5,"44":0,"45":0,"46":0,"47":0,"48":0,"49":0,"50":0,"51":0,"52":0,"53":0,"54":0,"55":0,"56":0,"57":0,"58":5,"59":0,"60":0,"61":0,"62":0,"63":0,"64":0,"65":0,"66":0,"67":0,"68":0,"69":0,"70":0,"71":0,"72":5},"f":{"0":0,"1":0,"2":0,"3":0,"4":0,"5":0,"6":0,"7":0},"b":{"0":[0,0],"1":[0,0],"2":[0,0],"3":[0,0],"4":[0,0],"5":[0,0],"6":[0,0],"7":[0,0],"8":[0,0],"9":[0,0],"10":[0,0],"11":[0,0],"12":[0,0]},"_coverageSchema":"1a1c01bbd47fc00a2c39e90264f33305004495a9","hash":"66621923232c9354a0717e6fcb403e727e3bb977"}
,"/Users/matt/Desktop/PROYECTO FINAL PRUEBAS/Pruebas_Software/backend_v2.2/controllers/gradeController.js": {"path":"/Users/matt/Desktop/PROYECTO FINAL PRUEBAS/Pruebas_Software/backend_v2.2/controllers/gradeController.js","statementMap":{"0":{"start":{"line":1,"column":14},"end":{"line":1,"column":40}},"1":{"start":{"line":2,"column":13},"end":{"line":2,"column":38}},"2":{"start":{"line":5,"column":20},"end":{"line":21,"column":1}},"3":{"start":{"line":6,"column":2},"end":{"line":20,"column":3}},"4":{"start":{"line":7,"column":40},"end":{"line":7,"column":48}},"5":{"start":{"line":9,"column":17},"end":{"line":9,"column":45}},"6":{"start":{"line":10,"column":4},"end":{"line":12,"column":5}},"7":{"start":{"line":11,"column":6},"end":{"line":11,"column":86}},"8":{"start":{"line":14,"column":21},"end":{"line":14,"column":59}},"9":{"start":{"line":15,"column":4},"end":{"line":15,"column":26}},"10":{"start":{"line":17,"column":4},"end":{"line":17,"column":35}},"11":{"start":{"line":19,"column":4},"end":{"line":19,"column":82}},"12":{"start":{"line":24,"column":21},"end":{"line":36,"column":1}},"13":{"start":{"line":25,"column":2},"end":{"line":35,"column":3}},"14":{"start":{"line":26,"column":19},"end":{"line":26,"column":78}},"15":{"start":{"line":28,"column":19},"end":{"line":30,"column":37}},"16":{"start":{"line":32,"column":4},"end":{"line":32,"column":33}},"17":{"start":{"line":34,"column":4},"end":{"line":34,"column":83}},"18":{"start":{"line":39,"column":21},"end":{"line":56,"column":1}},"19":{"start":{"line":40,"column":2},"end":{"line":55,"column":3}},"20":{"start":{"line":41,"column":18},"end":{"line":43,"column":37}},"21":{"start":{"line":45,"column":4},"end":{"line":45,"column":76}},"22":{"start":{"line":45,"column":16},"end":{"line":45,"column":76}},"23":{"start":{"line":48,"column":4},"end":{"line":50,"column":5}},"24":{"start":{"line":49,"column":6},"end":{"line":49,"column":64}},"25":{"start":{"line":52,"column":4},"end":{"line":52,"column":32}},"26":{"start":{"line":54,"column":4},"end":{"line":54,"column":82}},"27":{"start":{"line":59,"column":20},"end":{"line":69,"column":1}},"28":{"start":{"line":60,"column":2},"end":{"line":68,"column":3}},"29":{"start":{"line":61,"column":20},"end":{"line":61,"column":89}},"30":{"start":{"line":63,"column":4},"end":{"line":63,"column":78}},"31":{"start":{"line":63,"column":18},"end":{"line":63,"column":78}},"32":{"start":{"line":65,"column":4},"end":{"line":65,"column":34}},"33":{"start":{"line":67,"column":4},"end":{"line":67,"column":82}},"34":{"start":{"line":72,"column":20},"end":{"line":81,"column":1}},"35":{"start":{"line":73,"column":2},"end":{"line":80,"column":3}},"36":{"start":{"line":74,"column":20},"end":{"line":74,"column":64}},"37":{"start":{"line":75,"column":4},"end":{"line":75,"column":78}},"38":{"start":{"line":75,"column":18},"end":{"line":75,"column":78}},"39":{"start":{"line":77,"column":4},"end":{"line":77,"column":68}},"40":{"start":{"line":79,"column":4},"end":{"line":79,"column":82}},"41":{"start":{"line":84,"column":26},"end":{"line":105,"column":1}},"42":{"start":{"line":85,"column":2},"end":{"line":104,"column":3}},"43":{"start":{"line":86,"column":22},"end":{"line":86,"column":35}},"44":{"start":{"line":88,"column":4},"end":{"line":90,"column":5}},"45":{"start":{"line":89,"column":6},"end":{"line":89,"column":64}},"46":{"start":{"line":92,"column":19},"end":{"line":92,"column":59}},"47":{"start":{"line":94,"column":4},"end":{"line":96,"column":5}},"48":{"start":{"line":95,"column":6},"end":{"line":95,"column":83}},"49":{"start":{"line":98,"column":18},"end":{"line":98,"column":69}},"50":{"start":{"line":98,"column":48},"end":{"line":98,"column":65}},"51":{"start":{"line":99,"column":20},"end":{"line":99,"column":41}},"52":{"start":{"line":101,"column":4},"end":{"line":101,"column":80}},"53":{"start":{"line":103,"column":4},"end":{"line":103,"column":87}},"54":{"start":{"line":107,"column":0},"end":{"line":114,"column":2}}},"fnMap":{"0":{"name":"(anonymous_0)","decl":{"start":{"line":5,"column":20},"end":{"line":5,"column":21}},"loc":{"start":{"line":5,"column":40},"end":{"line":21,"column":1}},"line":5},"1":{"name":"(anonymous_1)","decl":{"start":{"line":24,"column":21},"end":{"line":24,"column":22}},"loc":{"start":{"line":24,"column":41},"end":{"line":36,"column":1}},"line":24},"2":{"name":"(anonymous_2)","decl":{"start":{"line":39,"column":21},"end":{"line":39,"column":22}},"loc":{"start":{"line":39,"column":41},"end":{"line":56,"column":1}},"line":39},"3":{"name":"(anonymous_3)","decl":{"start":{"line":59,"column":20},"end":{"line":59,"column":21}},"loc":{"start":{"line":59,"column":40},"end":{"line":69,"column":1}},"line":59},"4":{"name":"(anonymous_4)","decl":{"start":{"line":72,"column":20},"end":{"line":72,"column":21}},"loc":{"start":{"line":72,"column":40},"end":{"line":81,"column":1}},"line":72},"5":{"name":"(anonymous_5)","decl":{"start":{"line":84,"column":26},"end":{"line":84,"column":27}},"loc":{"start":{"line":84,"column":46},"end":{"line":105,"column":1}},"line":84},"6":{"name":"(anonymous_6)","decl":{"start":{"line":98,"column":32},"end":{"line":98,"column":33}},"loc":{"start":{"line":98,"column":48},"end":{"line":98,"column":65}},"line":98}},"branchMap":{"0":{"loc":{"start":{"line":10,"column":4},"end":{"line":12,"column":5}},"type":"if","locations":[{"start":{"line":10,"column":4},"end":{"line":12,"column":5}},{"start":{},"end":{}}],"line":10},"1":{"loc":{"start":{"line":10,"column":8},"end":{"line":10,"column":40}},"type":"binary-expr","locations":[{"start":{"line":10,"column":8},"end":{"line":10,"column":13}},{"start":{"line":10,"column":17},"end":{"line":10,"column":40}}],"line":10},"2":{"loc":{"start":{"line":26,"column":19},"end":{"line":26,"column":78}},"type":"cond-expr","locations":[{"start":{"line":26,"column":49},"end":{"line":26,"column":73}},{"start":{"line":26,"column":76},"end":{"line":26,"column":78}}],"line":26},"3":{"loc":{"start":{"line":45,"column":4},"end":{"line":45,"column":76}},"type":"if","locations":[{"start":{"line":45,"column":4},"end":{"line":45,"column":76}},{"start":{},"end":{}}],"line":45},"4":{"loc":{"start":{"line":48,"column":4},"end":{"line":50,"column":5}},"type":"if","locations":[{"start":{"line":48,"column":4},"end":{"line":50,"column":5}},{"start":{},"end":{}}],"line":48},"5":{"loc":{"start":{"line":48,"column":8},"end":{"line":48,"column":83}},"type":"binary-expr","locations":[{"start":{"line":48,"column":8},"end":{"line":48,"column":35}},{"start":{"line":48,"column":39},"end":{"line":48,"column":83}}],"line":48},"6":{"loc":{"start":{"line":63,"column":4},"end":{"line":63,"column":78}},"type":"if","locations":[{"start":{"line":63,"column":4},"end":{"line":63,"column":78}},{"start":{},"end":{}}],"line":63},"7":{"loc":{"start":{"line":75,"column":4},"end":{"line":75,"column":78}},"type":"if","locations":[{"start":{"line":75,"column":4},"end":{"line":75,"column":78}},{"start":{},"end":{}}],"line":75},"8":{"loc":{"start":{"line":88,"column":4},"end":{"line":90,"column":5}},"type":"if","locations":[{"start":{"line":88,"column":4},"end":{"line":90,"column":5}},{"start":{},"end":{}}],"line":88},"9":{"loc":{"start":{"line":88,"column":8},"end":{"line":88,"column":64}},"type":"binary-expr","locations":[{"start":{"line":88,"column":8},"end":{"line":88,"column":35}},{"start":{"line":88,"column":39},"end":{"line":88,"column":64}}],"line":88},"10":{"loc":{"start":{"line":94,"column":4},"end":{"line":96,"column":5}},"type":"if","locations":[{"start":{"line":94,"column":4},"end":{"line":96,"column":5}},{"start":{},"end":{}}],"line":94}},"s":{"0":5,"1":5,"2":5,"3":2,"4":2,"5":2,"6":2,"7":0,"8":2,"9":2,"10":2,"11":0,"12":5,"13":1,"14":1,"15":1,"16":1,"17":0,"18":5,"19":2,"20":2,"21":2,"22":0,"23":2,"24":1,"25":1,"26":0,"27":5,"28":1,"29":1,"30":1,"31":0,"32":1,"33":0,"34":5,"35":1,"36":1,"37":1,"38":0,"39":1,"40":0,"41":5,"42":1,"43":1,"44":1,"45":0,"46":1,"47":1,"48":0,"49":1,"50":3,"51":1,"52":1,"53":0,"54":5},"f":{"0":2,"1":1,"2":2,"3":1,"4":1,"5":1,"6":3},"b":{"0":[0,2],"1":[2,2],"2":[1,0],"3":[0,2],"4":[1,1],"5":[2,2],"6":[0,1],"7":[0,1],"8":[0,1],"9":[1,1],"10":[0,1]},"_coverageSchema":"1a1c01bbd47fc00a2c39e90264f33305004495a9","hash":"c9439c97529061149c617026a67080724a85868b"}
,"/Users/matt/Desktop/PROYECTO FINAL PRUEBAS/Pruebas_Software/backend_v2.2/controllers/report_Controller.js": {"path":"/Users/matt/Desktop/PROYECTO FINAL PRUEBAS/Pruebas_Software/backend_v2.2/controllers/report_Controller.js","statementMap":{"0":{"start":{"line":1,"column":13},"end":{"line":1,"column":38}},"1":{"start":{"line":2,"column":15},"end":{"line":2,"column":42}},"2":{"start":{"line":3,"column":14},"end":{"line":3,"column":40}},"3":{"start":{"line":4,"column":16},"end":{"line":4,"column":50}},"4":{"start":{"line":6,"column":20},"end":{"line":6,"column":37}},"5":{"start":{"line":8,"column":26},"end":{"line":79,"column":1}},"6":{"start":{"line":9,"column":2},"end":{"line":78,"column":3}},"7":{"start":{"line":10,"column":22},"end":{"line":10,"column":35}},"8":{"start":{"line":13,"column":4},"end":{"line":15,"column":5}},"9":{"start":{"line":14,"column":6},"end":{"line":14,"column":64}},"10":{"start":{"line":18,"column":20},"end":{"line":18,"column":70}},"11":{"start":{"line":19,"column":4},"end":{"line":19,"column":80}},"12":{"start":{"line":19,"column":18},"end":{"line":19,"column":80}},"13":{"start":{"line":22,"column":20},"end":{"line":24,"column":40}},"14":{"start":{"line":27,"column":19},"end":{"line":28,"column":37}},"15":{"start":{"line":31,"column":16},"end":{"line":31,"column":33}},"16":{"start":{"line":32,"column":18},"end":{"line":32,"column":20}},"17":{"start":{"line":33,"column":4},"end":{"line":33,"column":47}},"18":{"start":{"line":34,"column":4},"end":{"line":42,"column":7}},"19":{"start":{"line":35,"column":22},"end":{"line":35,"column":44}},"20":{"start":{"line":36,"column":6},"end":{"line":40,"column":9}},"21":{"start":{"line":41,"column":6},"end":{"line":41,"column":23}},"22":{"start":{"line":45,"column":4},"end":{"line":45,"column":68}},"23":{"start":{"line":46,"column":4},"end":{"line":46,"column":19}},"24":{"start":{"line":48,"column":4},"end":{"line":48,"column":57}},"25":{"start":{"line":49,"column":4},"end":{"line":49,"column":40}},"26":{"start":{"line":50,"column":4},"end":{"line":50,"column":37}},"27":{"start":{"line":51,"column":4},"end":{"line":51,"column":19}},"28":{"start":{"line":53,"column":4},"end":{"line":53,"column":50}},"29":{"start":{"line":54,"column":4},"end":{"line":59,"column":7}},"30":{"start":{"line":55,"column":6},"end":{"line":55,"column":66}},"31":{"start":{"line":56,"column":6},"end":{"line":56,"column":53}},"32":{"start":{"line":57,"column":6},"end":{"line":57,"column":74}},"33":{"start":{"line":58,"column":6},"end":{"line":58,"column":24}},"34":{"start":{"line":61,"column":4},"end":{"line":61,"column":19}},"35":{"start":{"line":62,"column":4},"end":{"line":62,"column":45}},"36":{"start":{"line":63,"column":4},"end":{"line":71,"column":5}},"37":{"start":{"line":64,"column":6},"end":{"line":64,"column":66}},"38":{"start":{"line":66,"column":6},"end":{"line":70,"column":9}},"39":{"start":{"line":67,"column":8},"end":{"line":67,"column":77}},"40":{"start":{"line":68,"column":8},"end":{"line":68,"column":44}},"41":{"start":{"line":69,"column":8},"end":{"line":69,"column":26}},"42":{"start":{"line":73,"column":4},"end":{"line":73,"column":14}},"43":{"start":{"line":76,"column":4},"end":{"line":76,"column":23}},"44":{"start":{"line":77,"column":4},"end":{"line":77,"column":85}},"45":{"start":{"line":81,"column":0},"end":{"line":83,"column":2}}},"fnMap":{"0":{"name":"(anonymous_0)","decl":{"start":{"line":8,"column":26},"end":{"line":8,"column":27}},"loc":{"start":{"line":8,"column":46},"end":{"line":79,"column":1}},"line":8},"1":{"name":"(anonymous_1)","decl":{"start":{"line":34,"column":18},"end":{"line":34,"column":19}},"loc":{"start":{"line":34,"column":24},"end":{"line":42,"column":5}},"line":34},"2":{"name":"(anonymous_2)","decl":{"start":{"line":54,"column":20},"end":{"line":54,"column":21}},"loc":{"start":{"line":54,"column":32},"end":{"line":59,"column":5}},"line":54},"3":{"name":"(anonymous_3)","decl":{"start":{"line":66,"column":21},"end":{"line":66,"column":22}},"loc":{"start":{"line":66,"column":35},"end":{"line":70,"column":7}},"line":66}},"branchMap":{"0":{"loc":{"start":{"line":13,"column":4},"end":{"line":15,"column":5}},"type":"if","locations":[{"start":{"line":13,"column":4},"end":{"line":15,"column":5}},{"start":{},"end":{}}],"line":13},"1":{"loc":{"start":{"line":13,"column":8},"end":{"line":13,"column":64}},"type":"binary-expr","locations":[{"start":{"line":13,"column":8},"end":{"line":13,"column":35}},{"start":{"line":13,"column":39},"end":{"line":13,"column":64}}],"line":13},"2":{"loc":{"start":{"line":19,"column":4},"end":{"line":19,"column":80}},"type":"if","locations":[{"start":{"line":19,"column":4},"end":{"line":19,"column":80}},{"start":{},"end":{}}],"line":19},"3":{"loc":{"start":{"line":63,"column":4},"end":{"line":71,"column":5}},"type":"if","locations":[{"start":{"line":63,"column":4},"end":{"line":71,"column":5}},{"start":{"line":65,"column":11},"end":{"line":71,"column":5}}],"line":63}},"s":{"0":5,"1":5,"2":5,"3":5,"4":5,"5":5,"6":3,"7":3,"8":3,"9":1,"10":2,"11":2,"12":0,"13":2,"14":2,"15":2,"16":2,"17":2,"18":2,"19":2,"20":2,"21":2,"22":2,"23":2,"24":2,"25":2,"26":2,"27":2,"28":2,"29":2,"30":2,"31":2,"32":2,"33":2,"34":2,"35":2,"36":2,"37":0,"38":2,"39":2,"40":2,"41":2,"42":2,"43":0,"44":0,"45":5},"f":{"0":3,"1":2,"2":2,"3":2},"b":{"0":[1,2],"1":[3,2],"2":[0,2],"3":[0,2]},"_coverageSchema":"1a1c01bbd47fc00a2c39e90264f33305004495a9","hash":"62b916136eb084b7cfe47bf855a7bcf53fa54d41"}
,"/Users/matt/Desktop/PROYECTO FINAL PRUEBAS/Pruebas_Software/backend_v2.2/controllers/subjectController.js": {"path":"/Users/matt/Desktop/PROYECTO FINAL PRUEBAS/Pruebas_Software/backend_v2.2/controllers/subjectController.js","statementMap":{"0":{"start":{"line":1,"column":26},"end":{"line":1,"column":45}},"1":{"start":{"line":3,"column":22},"end":{"line":5,"column":2}},"2":{"start":{"line":7,"column":0},"end":{"line":7,"column":49}},"3":{"start":{"line":11,"column":16},"end":{"line":11,"column":50}},"4":{"start":{"line":14,"column":22},"end":{"line":23,"column":1}},"5":{"start":{"line":15,"column":0},"end":{"line":22,"column":1}},"6":{"start":{"line":16,"column":20},"end":{"line":16,"column":28}},"7":{"start":{"line":17,"column":19},"end":{"line":17,"column":43}},"8":{"start":{"line":18,"column":0},"end":{"line":18,"column":24}},"9":{"start":{"line":19,"column":0},"end":{"line":19,"column":33}},"10":{"start":{"line":21,"column":0},"end":{"line":21,"column":80}},"11":{"start":{"line":26,"column":23},"end":{"line":33,"column":1}},"12":{"start":{"line":27,"column":0},"end":{"line":32,"column":1}},"13":{"start":{"line":28,"column":17},"end":{"line":28,"column":37}},"14":{"start":{"line":29,"column":0},"end":{"line":29,"column":31}},"15":{"start":{"line":31,"column":0},"end":{"line":31,"column":81}},"16":{"start":{"line":36,"column":23},"end":{"line":44,"column":1}},"17":{"start":{"line":37,"column":0},"end":{"line":43,"column":1}},"18":{"start":{"line":38,"column":16},"end":{"line":38,"column":53}},"19":{"start":{"line":39,"column":0},"end":{"line":39,"column":76}},"20":{"start":{"line":39,"column":14},"end":{"line":39,"column":76}},"21":{"start":{"line":40,"column":0},"end":{"line":40,"column":30}},"22":{"start":{"line":42,"column":0},"end":{"line":42,"column":80}},"23":{"start":{"line":47,"column":22},"end":{"line":55,"column":1}},"24":{"start":{"line":48,"column":0},"end":{"line":54,"column":1}},"25":{"start":{"line":49,"column":16},"end":{"line":49,"column":87}},"26":{"start":{"line":50,"column":0},"end":{"line":50,"column":76}},"27":{"start":{"line":50,"column":14},"end":{"line":50,"column":76}},"28":{"start":{"line":51,"column":0},"end":{"line":51,"column":30}},"29":{"start":{"line":53,"column":0},"end":{"line":53,"column":80}},"30":{"start":{"line":58,"column":22},"end":{"line":66,"column":1}},"31":{"start":{"line":59,"column":0},"end":{"line":65,"column":1}},"32":{"start":{"line":60,"column":16},"end":{"line":60,"column":62}},"33":{"start":{"line":61,"column":0},"end":{"line":61,"column":76}},"34":{"start":{"line":61,"column":14},"end":{"line":61,"column":76}},"35":{"start":{"line":62,"column":0},"end":{"line":62,"column":66}},"36":{"start":{"line":64,"column":0},"end":{"line":64,"column":80}},"37":{"start":{"line":68,"column":0},"end":{"line":74,"column":2}}},"fnMap":{"0":{"name":"(anonymous_0)","decl":{"start":{"line":14,"column":22},"end":{"line":14,"column":23}},"loc":{"start":{"line":14,"column":42},"end":{"line":23,"column":1}},"line":14},"1":{"name":"(anonymous_1)","decl":{"start":{"line":26,"column":23},"end":{"line":26,"column":24}},"loc":{"start":{"line":26,"column":43},"end":{"line":33,"column":1}},"line":26},"2":{"name":"(anonymous_2)","decl":{"start":{"line":36,"column":23},"end":{"line":36,"column":24}},"loc":{"start":{"line":36,"column":43},"end":{"line":44,"column":1}},"line":36},"3":{"name":"(anonymous_3)","decl":{"start":{"line":47,"column":22},"end":{"line":47,"column":23}},"loc":{"start":{"line":47,"column":42},"end":{"line":55,"column":1}},"line":47},"4":{"name":"(anonymous_4)","decl":{"start":{"line":58,"column":22},"end":{"line":58,"column":23}},"loc":{"start":{"line":58,"column":42},"end":{"line":66,"column":1}},"line":58}},"branchMap":{"0":{"loc":{"start":{"line":39,"column":0},"end":{"line":39,"column":76}},"type":"if","locations":[{"start":{"line":39,"column":0},"end":{"line":39,"column":76}},{"start":{},"end":{}}],"line":39},"1":{"loc":{"start":{"line":50,"column":0},"end":{"line":50,"column":76}},"type":"if","locations":[{"start":{"line":50,"column":0},"end":{"line":50,"column":76}},{"start":{},"end":{}}],"line":50},"2":{"loc":{"start":{"line":61,"column":0},"end":{"line":61,"column":76}},"type":"if","locations":[{"start":{"line":61,"column":0},"end":{"line":61,"column":76}},{"start":{},"end":{}}],"line":61}},"s":{"0":5,"1":5,"2":5,"3":5,"4":5,"5":0,"6":0,"7":0,"8":0,"9":0,"10":0,"11":5,"12":0,"13":0,"14":0,"15":0,"16":5,"17":0,"18":0,"19":0,"20":0,"21":0,"22":0,"23":5,"24":0,"25":0,"26":0,"27":0,"28":0,"29":0,"30":5,"31":0,"32":0,"33":0,"34":0,"35":0,"36":0,"37":5},"f":{"0":0,"1":0,"2":0,"3":0,"4":0},"b":{"0":[0,0],"1":[0,0],"2":[0,0]},"_coverageSchema":"1a1c01bbd47fc00a2c39e90264f33305004495a9","hash":"a438069e6a3023b0f0c5706fa58b718db9369acb"}
,"/Users/matt/Desktop/PROYECTO FINAL PRUEBAS/Pruebas_Software/backend_v2.2/controllers/userController.js": {"path":"/Users/matt/Desktop/PROYECTO FINAL PRUEBAS/Pruebas_Software/backend_v2.2/controllers/userController.js","statementMap":{"0":{"start":{"line":1,"column":13},"end":{"line":1,"column":38}},"1":{"start":{"line":2,"column":15},"end":{"line":2,"column":32}},"2":{"start":{"line":3,"column":12},"end":{"line":3,"column":35}},"3":{"start":{"line":6,"column":17},"end":{"line":29,"column":1}},"4":{"start":{"line":7,"column":2},"end":{"line":28,"column":3}},"5":{"start":{"line":8,"column":42},"end":{"line":8,"column":50}},"6":{"start":{"line":10,"column":4},"end":{"line":11,"column":68}},"7":{"start":{"line":11,"column":6},"end":{"line":11,"column":68}},"8":{"start":{"line":13,"column":4},"end":{"line":14,"column":65}},"9":{"start":{"line":14,"column":6},"end":{"line":14,"column":65}},"10":{"start":{"line":17,"column":4},"end":{"line":17,"column":49}},"11":{"start":{"line":20,"column":17},"end":{"line":20,"column":41}},"12":{"start":{"line":21,"column":4},"end":{"line":21,"column":49}},"13":{"start":{"line":23,"column":17},"end":{"line":23,"column":67}},"14":{"start":{"line":24,"column":4},"end":{"line":24,"column":70}},"15":{"start":{"line":27,"column":4},"end":{"line":27,"column":71}},"16":{"start":{"line":32,"column":14},"end":{"line":48,"column":1}},"17":{"start":{"line":33,"column":30},"end":{"line":33,"column":38}},"18":{"start":{"line":34,"column":15},"end":{"line":34,"column":44}},"19":{"start":{"line":36,"column":2},"end":{"line":36,"column":77}},"20":{"start":{"line":36,"column":13},"end":{"line":36,"column":77}},"21":{"start":{"line":38,"column":13},"end":{"line":38,"column":58}},"22":{"start":{"line":39,"column":2},"end":{"line":39,"column":75}},"23":{"start":{"line":39,"column":11},"end":{"line":39,"column":75}},"24":{"start":{"line":41,"column":16},"end":{"line":45,"column":3}},"25":{"start":{"line":47,"column":2},"end":{"line":47,"column":22}},"26":{"start":{"line":51,"column":19},"end":{"line":54,"column":1}},"27":{"start":{"line":52,"column":15},"end":{"line":52,"column":67}},"28":{"start":{"line":53,"column":2},"end":{"line":53,"column":17}},"29":{"start":{"line":57,"column":17},"end":{"line":67,"column":1}},"30":{"start":{"line":58,"column":29},"end":{"line":58,"column":37}},"31":{"start":{"line":59,"column":18},"end":{"line":59,"column":59}},"32":{"start":{"line":61,"column":2},"end":{"line":61,"column":79}},"33":{"start":{"line":61,"column":16},"end":{"line":61,"column":79}},"34":{"start":{"line":63,"column":2},"end":{"line":63,"column":42}},"35":{"start":{"line":64,"column":2},"end":{"line":64,"column":23}},"36":{"start":{"line":66,"column":2},"end":{"line":66,"column":50}},"37":{"start":{"line":70,"column":20},"end":{"line":73,"column":1}},"38":{"start":{"line":71,"column":16},"end":{"line":71,"column":53}},"39":{"start":{"line":72,"column":2},"end":{"line":72,"column":18}},"40":{"start":{"line":76,"column":19},"end":{"line":80,"column":1}},"41":{"start":{"line":77,"column":15},"end":{"line":77,"column":58}},"42":{"start":{"line":78,"column":2},"end":{"line":78,"column":73}},"43":{"start":{"line":78,"column":13},"end":{"line":78,"column":73}},"44":{"start":{"line":79,"column":2},"end":{"line":79,"column":45}},"45":{"start":{"line":82,"column":0},"end":{"line":82,"column":84}}},"fnMap":{"0":{"name":"(anonymous_0)","decl":{"start":{"line":6,"column":17},"end":{"line":6,"column":18}},"loc":{"start":{"line":6,"column":37},"end":{"line":29,"column":1}},"line":6},"1":{"name":"(anonymous_1)","decl":{"start":{"line":32,"column":14},"end":{"line":32,"column":15}},"loc":{"start":{"line":32,"column":34},"end":{"line":48,"column":1}},"line":32},"2":{"name":"(anonymous_2)","decl":{"start":{"line":51,"column":19},"end":{"line":51,"column":20}},"loc":{"start":{"line":51,"column":39},"end":{"line":54,"column":1}},"line":51},"3":{"name":"(anonymous_3)","decl":{"start":{"line":57,"column":17},"end":{"line":57,"column":18}},"loc":{"start":{"line":57,"column":37},"end":{"line":67,"column":1}},"line":57},"4":{"name":"(anonymous_4)","decl":{"start":{"line":70,"column":20},"end":{"line":70,"column":21}},"loc":{"start":{"line":70,"column":40},"end":{"line":73,"column":1}},"line":70},"5":{"name":"(anonymous_5)","decl":{"start":{"line":76,"column":19},"end":{"line":76,"column":20}},"loc":{"start":{"line":76,"column":39},"end":{"line":80,"column":1}},"line":76}},"branchMap":{"0":{"loc":{"start":{"line":10,"column":4},"end":{"line":11,"column":68}},"type":"if","locations":[{"start":{"line":10,"column":4},"end":{"line":11,"column":68}},{"start":{},"end":{}}],"line":10},"1":{"loc":{"start":{"line":10,"column":8},"end":{"line":10,"column":45}},"type":"binary-expr","locations":[{"start":{"line":10,"column":8},"end":{"line":10,"column":13}},{"start":{"line":10,"column":17},"end":{"line":10,"column":23}},{"start":{"line":10,"column":27},"end":{"line":10,"column":36}},{"start":{"line":10,"column":40},"end":{"line":10,"column":45}}],"line":10},"2":{"loc":{"start":{"line":13,"column":4},"end":{"line":14,"column":65}},"type":"if","locations":[{"start":{"line":13,"column":4},"end":{"line":14,"column":65}},{"start":{},"end":{}}],"line":13},"3":{"loc":{"start":{"line":36,"column":2},"end":{"line":36,"column":77}},"type":"if","locations":[{"start":{"line":36,"column":2},"end":{"line":36,"column":77}},{"start":{},"end":{}}],"line":36},"4":{"loc":{"start":{"line":39,"column":2},"end":{"line":39,"column":75}},"type":"if","locations":[{"start":{"line":39,"column":2},"end":{"line":39,"column":75}},{"start":{},"end":{}}],"line":39},"5":{"loc":{"start":{"line":61,"column":2},"end":{"line":61,"column":79}},"type":"if","locations":[{"start":{"line":61,"column":2},"end":{"line":61,"column":79}},{"start":{},"end":{}}],"line":61},"6":{"loc":{"start":{"line":78,"column":2},"end":{"line":78,"column":73}},"type":"if","locations":[{"start":{"line":78,"column":2},"end":{"line":78,"column":73}},{"start":{},"end":{}}],"line":78}},"s":{"0":5,"1":5,"2":5,"3":5,"4":6,"5":6,"6":6,"7":0,"8":6,"9":0,"10":6,"11":6,"12":6,"13":6,"14":6,"15":0,"16":5,"17":17,"18":17,"19":17,"20":0,"21":17,"22":17,"23":2,"24":15,"25":15,"26":5,"27":2,"28":2,"29":5,"30":2,"31":2,"32":2,"33":0,"34":2,"35":2,"36":2,"37":5,"38":2,"39":2,"40":5,"41":2,"42":2,"43":0,"44":2,"45":5},"f":{"0":6,"1":17,"2":2,"3":2,"4":2,"5":2},"b":{"0":[0,6],"1":[6,6,6,6],"2":[0,6],"3":[0,17],"4":[2,15],"5":[0,2],"6":[0,2]},"_coverageSchema":"1a1c01bbd47fc00a2c39e90264f33305004495a9","hash":"acf9fd000907f8778f9efa4f29876175ae51327f"}
,"/Users/matt/Desktop/PROYECTO FINAL PRUEBAS/Pruebas_Software/backend_v2.2/middleware/authMiddleware.js": {"path":"/Users/matt/Desktop/PROYECTO FINAL PRUEBAS/Pruebas_Software/backend_v2.2/middleware/authMiddleware.js","statementMap":{"0":{"start":{"line":1,"column":12},"end":{"line":1,"column":35}},"1":{"start":{"line":4,"column":20},"end":{"line":21,"column":1}},"2":{"start":{"line":5,"column":2},"end":{"line":20,"column":3}},"3":{"start":{"line":6,"column":19},"end":{"line":6,"column":44}},"4":{"start":{"line":7,"column":4},"end":{"line":7,"column":75}},"5":{"start":{"line":7,"column":17},"end":{"line":7,"column":75}},"6":{"start":{"line":9,"column":18},"end":{"line":9,"column":38}},"7":{"start":{"line":11,"column":20},"end":{"line":14,"column":6}},"8":{"start":{"line":16,"column":4},"end":{"line":16,"column":23}},"9":{"start":{"line":17,"column":4},"end":{"line":17,"column":11}},"10":{"start":{"line":19,"column":4},"end":{"line":19,"column":72}},"11":{"start":{"line":24,"column":19},"end":{"line":28,"column":1}},"12":{"start":{"line":24,"column":30},"end":{"line":28,"column":1}},"13":{"start":{"line":25,"column":2},"end":{"line":26,"column":63}},"14":{"start":{"line":26,"column":4},"end":{"line":26,"column":63}},"15":{"start":{"line":27,"column":2},"end":{"line":27,"column":9}},"16":{"start":{"line":30,"column":0},"end":{"line":30,"column":45}}},"fnMap":{"0":{"name":"(anonymous_0)","decl":{"start":{"line":4,"column":20},"end":{"line":4,"column":21}},"loc":{"start":{"line":4,"column":40},"end":{"line":21,"column":1}},"line":4},"1":{"name":"(anonymous_1)","decl":{"start":{"line":24,"column":19},"end":{"line":24,"column":20}},"loc":{"start":{"line":24,"column":30},"end":{"line":28,"column":1}},"line":24},"2":{"name":"(anonymous_2)","decl":{"start":{"line":24,"column":30},"end":{"line":24,"column":31}},"loc":{"start":{"line":24,"column":50},"end":{"line":28,"column":1}},"line":24}},"branchMap":{"0":{"loc":{"start":{"line":7,"column":4},"end":{"line":7,"column":75}},"type":"if","locations":[{"start":{"line":7,"column":4},"end":{"line":7,"column":75}},{"start":{},"end":{}}],"line":7},"1":{"loc":{"start":{"line":25,"column":2},"end":{"line":26,"column":63}},"type":"if","locations":[{"start":{"line":25,"column":2},"end":{"line":26,"column":63}},{"start":{},"end":{}}],"line":25}},"s":{"0":5,"1":5,"2":21,"3":21,"4":21,"5":0,"6":21,"7":21,"8":20,"9":20,"10":1,"11":5,"12":70,"13":11,"14":1,"15":10,"16":5},"f":{"0":21,"1":70,"2":11},"b":{"0":[0,21],"1":[1,10]},"_coverageSchema":"1a1c01bbd47fc00a2c39e90264f33305004495a9","hash":"78f64807eff97e798417cf043b7cafb3ac4fbf99"}
,"/Users/matt/Desktop/PROYECTO FINAL PRUEBAS/Pruebas_Software/backend_v2.2/models/Grade.js": {"path":"/Users/matt/Desktop/PROYECTO FINAL PRUEBAS/Pruebas_Software/backend_v2.2/models/Grade.js","statementMap":{"0":{"start":{"line":1,"column":17},"end":{"line":1,"column":36}},"1":{"start":{"line":2,"column":34},"end":{"line":2,"column":53}},"2":{"start":{"line":4,"column":20},"end":{"line":8,"column":24}},"3":{"start":{"line":11,"column":0},"end":{"line":11,"column":61}}},"fnMap":{},"branchMap":{"0":{"loc":{"start":{"line":11,"column":17},"end":{"line":11,"column":60}},"type":"binary-expr","locations":[{"start":{"line":11,"column":17},"end":{"line":11,"column":29}},{"start":{"line":11,"column":33},"end":{"line":11,"column":60}}],"line":11}},"s":{"0":5,"1":5,"2":5,"3":5},"f":{},"b":{"0":[5,5]},"_coverageSchema":"1a1c01bbd47fc00a2c39e90264f33305004495a9","hash":"be33d14d4fc9e0bef0d945b0e546fec4a2bf164d"}
,"/Users/matt/Desktop/PROYECTO FINAL PRUEBAS/Pruebas_Software/backend_v2.2/models/Sclass.js": {"path":"/Users/matt/Desktop/PROYECTO FINAL PRUEBAS/Pruebas_Software/backend_v2.2/models/Sclass.js","statementMap":{"0":{"start":{"line":1,"column":34},"end":{"line":1,"column":53}},"1":{"start":{"line":3,"column":21},"end":{"line":8,"column":24}},"2":{"start":{"line":10,"column":0},"end":{"line":10,"column":64}}},"fnMap":{},"branchMap":{"0":{"loc":{"start":{"line":10,"column":17},"end":{"line":10,"column":63}},"type":"binary-expr","locations":[{"start":{"line":10,"column":17},"end":{"line":10,"column":30}},{"start":{"line":10,"column":34},"end":{"line":10,"column":63}}],"line":10}},"s":{"0":5,"1":5,"2":5},"f":{},"b":{"0":[5,5]},"_coverageSchema":"1a1c01bbd47fc00a2c39e90264f33305004495a9","hash":"76b023f9eb044871f0308d5844ee078426f2b998"}
,"/Users/matt/Desktop/PROYECTO FINAL PRUEBAS/Pruebas_Software/backend_v2.2/models/User.js": {"path":"/Users/matt/Desktop/PROYECTO FINAL PRUEBAS/Pruebas_Software/backend_v2.2/models/User.js","statementMap":{"0":{"start":{"line":1,"column":17},"end":{"line":1,"column":36}},"1":{"start":{"line":3,"column":19},"end":{"line":12,"column":22}},"2":{"start":{"line":14,"column":0},"end":{"line":14,"column":52}}},"fnMap":{},"branchMap":{},"s":{"0":5,"1":5,"2":5},"f":{},"b":{},"_coverageSchema":"1a1c01bbd47fc00a2c39e90264f33305004495a9","hash":"75e1d1147aa38d086956bb7d79459e46e6c9edf5"}
,"/Users/matt/Desktop/PROYECTO FINAL PRUEBAS/Pruebas_Software/backend_v2.2/models/subjectSchema.js": {"path":"/Users/matt/Desktop/PROYECTO FINAL PRUEBAS/Pruebas_Software/backend_v2.2/models/subjectSchema.js","statementMap":{"0":{"start":{"line":1,"column":34},"end":{"line":1,"column":53}},"1":{"start":{"line":3,"column":22},"end":{"line":5,"column":2}},"2":{"start":{"line":8,"column":0},"end":{"line":8,"column":67}}},"fnMap":{},"branchMap":{"0":{"loc":{"start":{"line":8,"column":17},"end":{"line":8,"column":66}},"type":"binary-expr","locations":[{"start":{"line":8,"column":17},"end":{"line":8,"column":31}},{"start":{"line":8,"column":35},"end":{"line":8,"column":66}}],"line":8}},"s":{"0":5,"1":5,"2":5},"f":{},"b":{"0":[5,0]},"_coverageSchema":"1a1c01bbd47fc00a2c39e90264f33305004495a9","hash":"e8534aa59fc0ecd8db7cf26f9a49cf68ac70fc35"}
,"/Users/matt/Desktop/PROYECTO FINAL PRUEBAS/Pruebas_Software/backend_v2.2/routes/classRoutes.js": {"path":"/Users/matt/Desktop/PROYECTO FINAL PRUEBAS/Pruebas_Software/backend_v2.2/routes/classRoutes.js","statementMap":{"0":{"start":{"line":1,"column":16},"end":{"line":1,"column":34}},"1":{"start":{"line":2,"column":15},"end":{"line":2,"column":31}},"2":{"start":{"line":3,"column":25},"end":{"line":3,"column":67}},"3":{"start":{"line":4,"column":36},"end":{"line":4,"column":75}},"4":{"start":{"line":7,"column":0},"end":{"line":7,"column":84}},"5":{"start":{"line":8,"column":0},"end":{"line":8,"column":62}},"6":{"start":{"line":9,"column":0},"end":{"line":9,"column":64}},"7":{"start":{"line":10,"column":0},"end":{"line":10,"column":86}},"8":{"start":{"line":11,"column":0},"end":{"line":11,"column":89}},"9":{"start":{"line":14,"column":0},"end":{"line":14,"column":95}},"10":{"start":{"line":15,"column":0},"end":{"line":15,"column":99}},"11":{"start":{"line":17,"column":0},"end":{"line":17,"column":24}}},"fnMap":{},"branchMap":{},"s":{"0":5,"1":5,"2":5,"3":5,"4":5,"5":5,"6":5,"7":5,"8":5,"9":5,"10":5,"11":5},"f":{},"b":{},"_coverageSchema":"1a1c01bbd47fc00a2c39e90264f33305004495a9","hash":"eee3e35daca096398961c2324354fea5e532c9b1"}
,"/Users/matt/Desktop/PROYECTO FINAL PRUEBAS/Pruebas_Software/backend_v2.2/routes/gradeRoutes.js": {"path":"/Users/matt/Desktop/PROYECTO FINAL PRUEBAS/Pruebas_Software/backend_v2.2/routes/gradeRoutes.js","statementMap":{"0":{"start":{"line":1,"column":16},"end":{"line":1,"column":34}},"1":{"start":{"line":2,"column":15},"end":{"line":2,"column":31}},"2":{"start":{"line":3,"column":24},"end":{"line":3,"column":65}},"3":{"start":{"line":4,"column":36},"end":{"line":4,"column":75}},"4":{"start":{"line":7,"column":0},"end":{"line":7,"column":93}},"5":{"start":{"line":8,"column":0},"end":{"line":8,"column":59}},"6":{"start":{"line":9,"column":0},"end":{"line":9,"column":62}},"7":{"start":{"line":10,"column":0},"end":{"line":10,"column":95}},"8":{"start":{"line":11,"column":0},"end":{"line":11,"column":98}},"9":{"start":{"line":14,"column":0},"end":{"line":14,"column":75}},"10":{"start":{"line":16,"column":0},"end":{"line":16,"column":24}}},"fnMap":{},"branchMap":{},"s":{"0":5,"1":5,"2":5,"3":5,"4":5,"5":5,"6":5,"7":5,"8":5,"9":5,"10":5},"f":{},"b":{},"_coverageSchema":"1a1c01bbd47fc00a2c39e90264f33305004495a9","hash":"0bb0c1881918b461bc3524f4cba5569f8120d85e"}
,"/Users/matt/Desktop/PROYECTO FINAL PRUEBAS/Pruebas_Software/backend_v2.2/routes/report_routes.js": {"path":"/Users/matt/Desktop/PROYECTO FINAL PRUEBAS/Pruebas_Software/backend_v2.2/routes/report_routes.js","statementMap":{"0":{"start":{"line":1,"column":16},"end":{"line":1,"column":34}},"1":{"start":{"line":2,"column":15},"end":{"line":2,"column":31}},"2":{"start":{"line":3,"column":25},"end":{"line":3,"column":68}},"3":{"start":{"line":4,"column":24},"end":{"line":4,"column":63}},"4":{"start":{"line":7,"column":0},"end":{"line":7,"column":76}},"5":{"start":{"line":9,"column":0},"end":{"line":9,"column":24}}},"fnMap":{},"branchMap":{},"s":{"0":5,"1":5,"2":5,"3":5,"4":5,"5":5},"f":{},"b":{},"_coverageSchema":"1a1c01bbd47fc00a2c39e90264f33305004495a9","hash":"f0bf6255ef5486a9dbbf604e1e8ed86d61ca987b"}
,"/Users/matt/Desktop/PROYECTO FINAL PRUEBAS/Pruebas_Software/backend_v2.2/routes/subjectRoutes.js": {"path":"/Users/matt/Desktop/PROYECTO FINAL PRUEBAS/Pruebas_Software/backend_v2.2/routes/subjectRoutes.js","statementMap":{"0":{"start":{"line":1,"column":16},"end":{"line":1,"column":34}},"1":{"start":{"line":2,"column":15},"end":{"line":2,"column":31}},"2":{"start":{"line":3,"column":26},"end":{"line":3,"column":69}},"3":{"start":{"line":4,"column":36},"end":{"line":4,"column":75}},"4":{"start":{"line":7,"column":0},"end":{"line":7,"column":86}},"5":{"start":{"line":8,"column":0},"end":{"line":8,"column":63}},"6":{"start":{"line":9,"column":0},"end":{"line":9,"column":66}},"7":{"start":{"line":10,"column":0},"end":{"line":10,"column":88}},"8":{"start":{"line":11,"column":0},"end":{"line":11,"column":91}},"9":{"start":{"line":13,"column":0},"end":{"line":13,"column":24}}},"fnMap":{},"branchMap":{},"s":{"0":5,"1":5,"2":5,"3":5,"4":5,"5":5,"6":5,"7":5,"8":5,"9":5},"f":{},"b":{},"_coverageSchema":"1a1c01bbd47fc00a2c39e90264f33305004495a9","hash":"31fbe3720fd5c5410c7bcdb69b2aeb687b3da8c8"}
,"/Users/matt/Desktop/PROYECTO FINAL PRUEBAS/Pruebas_Software/backend_v2.2/routes/user_routes.js": {"path":"/Users/matt/Desktop/PROYECTO FINAL PRUEBAS/Pruebas_Software/backend_v2.2/routes/user_routes.js","statementMap":{"0":{"start":{"line":1,"column":16},"end":{"line":1,"column":34}},"1":{"start":{"line":2,"column":15},"end":{"line":2,"column":31}},"2":{"start":{"line":9,"column":4},"end":{"line":9,"column":44}},"3":{"start":{"line":11,"column":36},"end":{"line":11,"column":75}},"4":{"start":{"line":13,"column":21},"end":{"line":13,"column":61}},"5":{"start":{"line":14,"column":0},"end":{"line":14,"column":35}},"6":{"start":{"line":17,"column":0},"end":{"line":17,"column":29}},"7":{"start":{"line":20,"column":0},"end":{"line":20,"column":43}},"8":{"start":{"line":23,"column":0},"end":{"line":23,"column":91}},"9":{"start":{"line":26,"column":0},"end":{"line":26,"column":65}},"10":{"start":{"line":27,"column":0},"end":{"line":27,"column":70}},"11":{"start":{"line":30,"column":0},"end":{"line":30,"column":24}}},"fnMap":{},"branchMap":{},"s":{"0":5,"1":5,"2":5,"3":5,"4":5,"5":5,"6":5,"7":5,"8":5,"9":5,"10":5,"11":5},"f":{},"b":{},"_coverageSchema":"1a1c01bbd47fc00a2c39e90264f33305004495a9","hash":"7be48447cd30c6e345c54722d12e2e04ba4f5098"}
}
