TN:
SF:server.js
FN:58,(anonymous_0)
FN:59,(anonymous_1)
FN:64,(anonymous_2)
FNF:3
FNH:1
FNDA:5,(anonymous_0)
FNDA:0,(anonymous_1)
FNDA:0,(anonymous_2)
DA:1,5
DA:2,5
DA:3,5
DA:4,5
DA:5,5
DA:6,5
DA:7,5
DA:8,5
DA:9,5
DA:12,5
DA:15,5
DA:18,5
DA:21,5
DA:28,5
DA:34,5
DA:35,5
DA:38,5
DA:39,5
DA:42,5
DA:43,5
DA:44,5
DA:45,5
DA:46,5
DA:49,5
DA:50,5
DA:51,5
DA:52,5
DA:53,5
DA:56,5
DA:58,5
DA:59,0
DA:62,5
DA:63,0
DA:64,0
DA:66,5
LF:35
LH:32
BRDA:62,0,0,0
BRDA:62,0,1,5
BRDA:63,1,0,0
BRDA:63,1,1,0
BRF:4
BRH:1
end_of_record
TN:
SF:controllers/class_Controller.js
FN:5,(anonymous_0)
FN:25,(anonymous_1)
FN:48,(anonymous_2)
FN:65,(anonymous_3)
FN:78,(anonymous_4)
FN:90,(anonymous_5)
FN:116,(anonymous_6)
FN:128,(anonymous_7)
FNF:8
FNH:0
FNDA:0,(anonymous_0)
FNDA:0,(anonymous_1)
FNDA:0,(anonymous_2)
FNDA:0,(anonymous_3)
FNDA:0,(anonymous_4)
FNDA:0,(anonymous_5)
FNDA:0,(anonymous_6)
FNDA:0,(anonymous_7)
DA:1,5
DA:2,5
DA:5,5
DA:6,0
DA:7,0
DA:10,0
DA:11,0
DA:12,0
DA:15,0
DA:16,0
DA:18,0
DA:20,0
DA:25,5
DA:26,0
DA:27,0
DA:30,0
DA:31,0
DA:32,0
DA:33,0
DA:36,0
DA:41,0
DA:43,0
DA:48,5
DA:49,0
DA:50,0
DA:56,0
DA:58,0
DA:60,0
DA:65,5
DA:66,0
DA:67,0
DA:68,0
DA:71,0
DA:73,0
DA:78,5
DA:79,0
DA:80,0
DA:81,0
DA:83,0
DA:85,0
DA:90,5
DA:91,0
DA:92,0
DA:93,0
DA:94,0
DA:97,0
DA:98,0
DA:99,0
DA:102,0
DA:103,0
DA:106,0
DA:107,0
DA:109,0
DA:111,0
DA:116,5
DA:117,0
DA:118,0
DA:119,0
DA:120,0
DA:123,0
DA:124,0
DA:125,0
DA:128,0
DA:129,0
DA:131,0
DA:133,0
DA:137,5
LF:67
LH:10
BRDA:11,0,0,0
BRDA:11,0,1,0
BRDA:11,1,0,0
BRDA:11,1,1,0
BRDA:30,2,0,0
BRDA:30,2,1,0
BRDA:32,3,0,0
BRDA:32,3,1,0
BRDA:56,4,0,0
BRDA:56,4,1,0
BRDA:68,5,0,0
BRDA:68,5,1,0
BRDA:81,6,0,0
BRDA:81,6,1,0
BRDA:94,7,0,0
BRDA:94,7,1,0
BRDA:98,8,0,0
BRDA:98,8,1,0
BRDA:98,9,0,0
BRDA:98,9,1,0
BRDA:102,10,0,0
BRDA:102,10,1,0
BRDA:120,11,0,0
BRDA:120,11,1,0
BRDA:124,12,0,0
BRDA:124,12,1,0
BRF:26
BRH:0
end_of_record
TN:
SF:controllers/gradeController.js
FN:5,(anonymous_0)
FN:24,(anonymous_1)
FN:39,(anonymous_2)
FN:59,(anonymous_3)
FN:72,(anonymous_4)
FN:84,(anonymous_5)
FN:98,(anonymous_6)
FNF:7
FNH:7
FNDA:2,(anonymous_0)
FNDA:1,(anonymous_1)
FNDA:2,(anonymous_2)
FNDA:1,(anonymous_3)
FNDA:1,(anonymous_4)
FNDA:1,(anonymous_5)
FNDA:3,(anonymous_6)
DA:1,5
DA:2,5
DA:5,5
DA:6,2
DA:7,2
DA:9,2
DA:10,2
DA:11,0
DA:14,2
DA:15,2
DA:17,2
DA:19,0
DA:24,5
DA:25,1
DA:26,1
DA:28,1
DA:32,1
DA:34,0
DA:39,5
DA:40,2
DA:41,2
DA:45,2
DA:48,2
DA:49,1
DA:52,1
DA:54,0
DA:59,5
DA:60,1
DA:61,1
DA:63,1
DA:65,1
DA:67,0
DA:72,5
DA:73,1
DA:74,1
DA:75,1
DA:77,1
DA:79,0
DA:84,5
DA:85,1
DA:86,1
DA:88,1
DA:89,0
DA:92,1
DA:94,1
DA:95,0
DA:98,3
DA:99,1
DA:101,1
DA:103,0
DA:107,5
LF:51
LH:42
BRDA:10,0,0,0
BRDA:10,0,1,2
BRDA:10,1,0,2
BRDA:10,1,1,2
BRDA:26,2,0,1
BRDA:26,2,1,0
BRDA:45,3,0,0
BRDA:45,3,1,2
BRDA:48,4,0,1
BRDA:48,4,1,1
BRDA:48,5,0,2
BRDA:48,5,1,2
BRDA:63,6,0,0
BRDA:63,6,1,1
BRDA:75,7,0,0
BRDA:75,7,1,1
BRDA:88,8,0,0
BRDA:88,8,1,1
BRDA:88,9,0,1
BRDA:88,9,1,1
BRDA:94,10,0,0
BRDA:94,10,1,1
BRF:22
BRH:15
end_of_record
TN:
SF:controllers/report_Controller.js
FN:8,(anonymous_0)
FN:34,(anonymous_1)
FN:54,(anonymous_2)
FN:66,(anonymous_3)
FNF:4
FNH:4
FNDA:3,(anonymous_0)
FNDA:2,(anonymous_1)
FNDA:2,(anonymous_2)
FNDA:2,(anonymous_3)
DA:1,5
DA:2,5
DA:3,5
DA:4,5
DA:6,5
DA:8,5
DA:9,3
DA:10,3
DA:13,3
DA:14,1
DA:18,2
DA:19,2
DA:22,2
DA:27,2
DA:31,2
DA:32,2
DA:33,2
DA:34,2
DA:35,2
DA:36,2
DA:41,2
DA:45,2
DA:46,2
DA:48,2
DA:49,2
DA:50,2
DA:51,2
DA:53,2
DA:54,2
DA:55,2
DA:56,2
DA:57,2
DA:58,2
DA:61,2
DA:62,2
DA:63,2
DA:64,0
DA:66,2
DA:67,2
DA:68,2
DA:69,2
DA:73,2
DA:76,0
DA:77,0
DA:81,5
LF:45
LH:42
BRDA:13,0,0,1
BRDA:13,0,1,2
BRDA:13,1,0,3
BRDA:13,1,1,2
BRDA:19,2,0,0
BRDA:19,2,1,2
BRDA:63,3,0,0
BRDA:63,3,1,2
BRF:8
BRH:6
end_of_record
TN:
SF:controllers/subjectController.js
FN:14,(anonymous_0)
FN:26,(anonymous_1)
FN:36,(anonymous_2)
FN:47,(anonymous_3)
FN:58,(anonymous_4)
FNF:5
FNH:0
FNDA:0,(anonymous_0)
FNDA:0,(anonymous_1)
FNDA:0,(anonymous_2)
FNDA:0,(anonymous_3)
FNDA:0,(anonymous_4)
DA:1,5
DA:3,5
DA:7,5
DA:11,5
DA:14,5
DA:15,0
DA:16,0
DA:17,0
DA:18,0
DA:19,0
DA:21,0
DA:26,5
DA:27,0
DA:28,0
DA:29,0
DA:31,0
DA:36,5
DA:37,0
DA:38,0
DA:39,0
DA:40,0
DA:42,0
DA:47,5
DA:48,0
DA:49,0
DA:50,0
DA:51,0
DA:53,0
DA:58,5
DA:59,0
DA:60,0
DA:61,0
DA:62,0
DA:64,0
DA:68,5
LF:35
LH:10
BRDA:39,0,0,0
BRDA:39,0,1,0
BRDA:50,1,0,0
BRDA:50,1,1,0
BRDA:61,2,0,0
BRDA:61,2,1,0
BRF:6
BRH:0
end_of_record
TN:
SF:controllers/userController.js
FN:6,(anonymous_0)
FN:32,(anonymous_1)
FN:51,(anonymous_2)
FN:57,(anonymous_3)
FN:70,(anonymous_4)
FN:76,(anonymous_5)
FNF:6
FNH:6
FNDA:6,(anonymous_0)
FNDA:17,(anonymous_1)
FNDA:2,(anonymous_2)
FNDA:2,(anonymous_3)
FNDA:2,(anonymous_4)
FNDA:2,(anonymous_5)
DA:1,5
DA:2,5
DA:3,5
DA:6,5
DA:7,6
DA:8,6
DA:10,6
DA:11,0
DA:13,6
DA:14,0
DA:17,6
DA:20,6
DA:21,6
DA:23,6
DA:24,6
DA:27,0
DA:32,5
DA:33,17
DA:34,17
DA:36,17
DA:38,17
DA:39,17
DA:41,15
DA:47,15
DA:51,5
DA:52,2
DA:53,2
DA:57,5
DA:58,2
DA:59,2
DA:61,2
DA:63,2
DA:64,2
DA:66,2
DA:70,5
DA:71,2
DA:72,2
DA:76,5
DA:77,2
DA:78,2
DA:79,2
DA:82,5
LF:42
LH:39
BRDA:10,0,0,0
BRDA:10,0,1,6
BRDA:10,1,0,6
BRDA:10,1,1,6
BRDA:10,1,2,6
BRDA:10,1,3,6
BRDA:13,2,0,0
BRDA:13,2,1,6
BRDA:36,3,0,0
BRDA:36,3,1,17
BRDA:39,4,0,2
BRDA:39,4,1,15
BRDA:61,5,0,0
BRDA:61,5,1,2
BRDA:78,6,0,0
BRDA:78,6,1,2
BRF:16
BRH:11
end_of_record
TN:
SF:middleware/authMiddleware.js
FN:4,(anonymous_0)
FN:24,(anonymous_1)
FN:24,(anonymous_2)
FNF:3
FNH:3
FNDA:21,(anonymous_0)
FNDA:70,(anonymous_1)
FNDA:11,(anonymous_2)
DA:1,5
DA:4,5
DA:5,21
DA:6,21
DA:7,21
DA:9,21
DA:11,21
DA:16,20
DA:17,20
DA:19,1
DA:24,70
DA:25,11
DA:26,1
DA:27,10
DA:30,5
LF:15
LH:15
BRDA:7,0,0,0
BRDA:7,0,1,21
BRDA:25,1,0,1
BRDA:25,1,1,10
BRF:4
BRH:3
end_of_record
TN:
SF:models/Grade.js
FNF:0
FNH:0
DA:1,5
DA:2,5
DA:4,5
DA:11,5
LF:4
LH:4
BRDA:11,0,0,5
BRDA:11,0,1,5
BRF:2
BRH:2
end_of_record
TN:
SF:models/Sclass.js
FNF:0
FNH:0
DA:1,5
DA:3,5
DA:10,5
LF:3
LH:3
BRDA:10,0,0,5
BRDA:10,0,1,5
BRF:2
BRH:2
end_of_record
TN:
SF:models/User.js
FNF:0
FNH:0
DA:1,5
DA:3,5
DA:14,5
LF:3
LH:3
BRF:0
BRH:0
end_of_record
TN:
SF:models/subjectSchema.js
FNF:0
FNH:0
DA:1,5
DA:3,5
DA:8,5
LF:3
LH:3
BRDA:8,0,0,5
BRDA:8,0,1,0
BRF:2
BRH:1
end_of_record
TN:
SF:routes/classRoutes.js
FNF:0
FNH:0
DA:1,5
DA:2,5
DA:3,5
DA:4,5
DA:7,5
DA:8,5
DA:9,5
DA:10,5
DA:11,5
DA:14,5
DA:15,5
DA:17,5
LF:12
LH:12
BRF:0
BRH:0
end_of_record
TN:
SF:routes/gradeRoutes.js
FNF:0
FNH:0
DA:1,5
DA:2,5
DA:3,5
DA:4,5
DA:7,5
DA:8,5
DA:9,5
DA:10,5
DA:11,5
DA:14,5
DA:16,5
LF:11
LH:11
BRF:0
BRH:0
end_of_record
TN:
SF:routes/report_routes.js
FNF:0
FNH:0
DA:1,5
DA:2,5
DA:3,5
DA:4,5
DA:7,5
DA:9,5
LF:6
LH:6
BRF:0
BRH:0
end_of_record
TN:
SF:routes/subjectRoutes.js
FNF:0
FNH:0
DA:1,5
DA:2,5
DA:3,5
DA:4,5
DA:7,5
DA:8,5
DA:9,5
DA:10,5
DA:11,5
DA:13,5
LF:10
LH:10
BRF:0
BRH:0
end_of_record
TN:
SF:routes/user_routes.js
FNF:0
FNH:0
DA:1,5
DA:2,5
DA:9,5
DA:11,5
DA:13,5
DA:14,5
DA:17,5
DA:20,5
DA:23,5
DA:26,5
DA:27,5
DA:30,5
LF:12
LH:12
BRF:0
BRH:0
end_of_record
